# JRE version: OpenJDK Runtime Environment (21.0.2+13) (build 21.0.2+13-58)
# Java VM: OpenJDK 64-Bit Server VM (21.0.2+13-58, mixed mode, sharing, tiered, compressed oops, compressed class ptrs, g1 gc, windows-amd64)
GC Precious Log:
 CardTable entry size: 512
 Card Set container configuration: InlinePtr #cards 5 size 8 Array Of Cards #cards 12 size 40 Howl #buckets 4 coarsen threshold 1843 Howl Bitmap #cards 512 size 80 coarsen threshold 460 Card regions per heap region 1 cards per card region 2048
 CPUs: 4 total, 4 available
 Memory: 7834M
 Large Page Support: Disabled
 NUMA Support: Disabled
 Compressed Oops: Enabled (32-bit)
 Heap Region Size: 1M
 Heap Min Capacity: 8M
 Heap Initial Capacity: 124M
 Heap Max Capacity: 1960M
 Pre-touch: Disabled
 Parallel Workers: 4
 Concurrent Workers: 1
 Concurrent Refinement Workers: 4
 Periodic GC: Disabled
Heap:
 garbage-first heap   total 61440K, used 33642K [0x0000000085800000, 0x0000000100000000)
  region size 1024K, 15 young (15360K), 4 survivors (4096K)
 Metaspace       used 34174K, committed 34624K, reserved 1114112K
  class space    used 4413K, committed 4608K, reserved 1048576K
GC Heap History (14 events):
Event: 0.826 GC heap before
{Heap before GC invocations=0 (full 0):
 garbage-first heap   total 126976K, used 15360K [0x0000000085800000, 0x0000000100000000)
  region size 1024K, 13 young (13312K), 0 survivors (0K)
 Metaspace       used 1194K, committed 1344K, reserved 1114112K
  class space    used 76K, committed 128K, reserved 1048576K
}
Event: 0.831 GC heap after
{Heap after GC invocations=1 (full 0):
 garbage-first heap   total 126976K, used 8510K [0x0000000085800000, 0x0000000100000000)
  region size 1024K, 2 young (2048K), 2 survivors (2048K)
 Metaspace       used 1194K, committed 1344K, reserved 1114112K
  class space    used 76K, committed 128K, reserved 1048576K
}
Event: 1.260 GC heap before
{Heap before GC invocations=1 (full 0):
 garbage-first heap   total 126976K, used 18750K [0x0000000085800000, 0x0000000100000000)
  region size 1024K, 12 young (12288K), 2 survivors (2048K)
 Metaspace       used 4115K, committed 4352K, reserved 1114112K
  class space    used 430K, committed 576K, reserved 1048576K
}
Event: 1.263 GC heap after
{Heap after GC invocations=2 (full 0):
 garbage-first heap   total 126976K, used 9886K [0x0000000085800000, 0x0000000100000000)
  region size 1024K, 2 young (2048K), 2 survivors (2048K)
 Metaspace       used 4115K, committed 4352K, reserved 1114112K
  class space    used 430K, committed 576K, reserved 1048576K
}
Event: 3.162 GC heap before
{Heap before GC invocations=2 (full 0):
 garbage-first heap   total 126976K, used 38558K [0x0000000085800000, 0x0000000100000000)
  region size 1024K, 31 young (31744K), 2 survivors (2048K)
 Metaspace       used 11302K, committed 11584K, reserved 1114112K
  class space    used 1392K, committed 1536K, reserved 1048576K
}
Event: 3.167 GC heap after
{Heap after GC invocations=3 (full 0):
 garbage-first heap   total 126976K, used 11983K [0x0000000085800000, 0x0000000100000000)
  region size 1024K, 4 young (4096K), 4 survivors (4096K)
 Metaspace       used 11302K, committed 11584K, reserved 1114112K
  class space    used 1392K, committed 1536K, reserved 1048576K
}
Event: 4.083 GC heap before
{Heap before GC invocations=3 (full 0):
 garbage-first heap   total 126976K, used 64207K [0x0000000085800000, 0x0000000100000000)
  region size 1024K, 57 young (58368K), 4 survivors (4096K)
 Metaspace       used 21241K, committed 21504K, reserved 1114112K
  class space    used 2584K, committed 2688K, reserved 1048576K
}
Event: 4.093 GC heap after
{Heap after GC invocations=4 (full 0):
 garbage-first heap   total 126976K, used 15759K [0x0000000085800000, 0x0000000100000000)
  region size 1024K, 7 young (7168K), 7 survivors (7168K)
 Metaspace       used 21241K, committed 21504K, reserved 1114112K
  class space    used 2584K, committed 2688K, reserved 1048576K
}
Event: 4.903 GC heap before
{Heap before GC invocations=5 (full 0):
 garbage-first heap   total 61440K, used 45455K [0x0000000085800000, 0x0000000100000000)
  region size 1024K, 36 young (36864K), 7 survivors (7168K)
 Metaspace       used 23911K, committed 24256K, reserved 1114112K
  class space    used 2942K, committed 3072K, reserved 1048576K
}
Event: 4.915 GC heap after
{Heap after GC invocations=6 (full 0):
 garbage-first heap   total 61440K, used 19536K [0x0000000085800000, 0x0000000100000000)
  region size 1024K, 4 young (4096K), 4 survivors (4096K)
 Metaspace       used 23911K, committed 24256K, reserved 1114112K
  class space    used 2942K, committed 3072K, reserved 1048576K
}
Event: 5.639 GC heap before
{Heap before GC invocations=6 (full 0):
 garbage-first heap   total 61440K, used 46160K [0x0000000085800000, 0x0000000100000000)
  region size 1024K, 31 young (31744K), 4 survivors (4096K)
 Metaspace       used 27208K, committed 27520K, reserved 1114112K
  class space    used 3404K, committed 3520K, reserved 1048576K
}
Event: 5.645 GC heap after
{Heap after GC invocations=7 (full 0):
 garbage-first heap   total 61440K, used 21464K [0x0000000085800000, 0x0000000100000000)
  region size 1024K, 2 young (2048K), 2 survivors (2048K)
 Metaspace       used 27208K, committed 27520K, reserved 1114112K
  class space    used 3404K, committed 3520K, reserved 1048576K
}
Event: 6.615 GC heap before
{Heap before GC invocations=7 (full 0):
 garbage-first heap   total 61440K, used 50136K [0x0000000085800000, 0x0000000100000000)
  region size 1024K, 30 young (30720K), 2 survivors (2048K)
 Metaspace       used 31890K, committed 32320K, reserved 1114112K
  class space    used 4024K, committed 4224K, reserved 1048576K
}
Event: 6.622 GC heap after
{Heap after GC invocations=8 (full 0):
 garbage-first heap   total 61440K, used 23402K [0x0000000085800000, 0x0000000100000000)
  region size 1024K, 4 young (4096K), 4 survivors (4096K)
 Metaspace       used 31890K, committed 32320K, reserved 1114112K
  class space    used 4024K, committed 4224K, reserved 1048576K
}

